2025-10-29 13:45:16,481 - backend.services.data_ingestion.process_playbyplay_v3 - INFO - Loading play-by-play data for 109 games from data/raw/playbyplay/indiana_pacers/2024_25
2025-10-29 13:45:16,486 - backend.services.data_ingestion.process_playbyplay_v3 - INFO - Loaded 457 plays from 0022400389.csv
2025-10-29 13:45:16,489 - backend.services.data_ingestion.process_playbyplay_v3 - INFO - Loaded 475 plays from 0022400410.csv
2025-10-29 13:45:16,491 - backend.services.data_ingestion.process_playbyplay_v3 - INFO - Loaded 476 plays from 0022400203.csv
2025-10-29 13:45:16,493 - backend.services.data_ingestion.process_playbyplay_v3 - INFO - Loaded 486 plays from 0022400217.csv
2025-10-29 13:45:16,495 - backend.services.data_ingestion.process_playbyplay_v3 - INFO - Loaded 502 plays from 0022400029.csv
2025-10-29 13:45:16,498 - backend.services.data_ingestion.process_playbyplay_v3 - INFO - Loaded 457 plays from 0022401055.csv
2025-10-29 13:45:16,501 - backend.services.data_ingestion.process_playbyplay_v3 - INFO - Loaded 487 plays from 0022400349.csv
2025-10-29 13:45:16,503 - backend.services.data_ingestion.process_playbyplay_v3 - INFO - Loaded 482 plays from 0022400822.csv
2025-10-29 13:45:16,506 - backend.services.data_ingestion.process_playbyplay_v3 - INFO - Loaded 469 plays from 0022400942.csv
2025-10-29 13:45:16,511 - backend.services.data_ingestion.process_playbyplay_v3 - INFO - Loaded 481 plays from 0022400765.csv
2025-10-29 13:45:16,515 - backend.services.data_ingestion.process_playbyplay_v3 - INFO - Loaded 535 plays from 0022400771.csv
2025-10-29 13:45:16,522 - backend.services.data_ingestion.process_playbyplay_v3 - INFO - Loaded 508 plays from 0022400572.csv
2025-10-29 13:45:16,528 - backend.services.data_ingestion.process_playbyplay_v3 - INFO - Loaded 476 plays from 0012400024.csv
2025-10-29 13:45:16,534 - backend.services.data_ingestion.process_playbyplay_v3 - INFO - Loaded 526 plays from 0012400018.csv
2025-10-29 13:45:16,537 - backend.services.data_ingestion.process_playbyplay_v3 - INFO - Loaded 483 plays from 0022400837.csv
2025-10-29 13:45:16,540 - backend.services.data_ingestion.process_playbyplay_v3 - INFO - Loaded 479 plays from 0022400588.csv
2025-10-29 13:45:16,543 - backend.services.data_ingestion.process_playbyplay_v3 - INFO - Loaded 484 plays from 0022400403.csv
2025-10-29 13:45:16,546 - backend.services.data_ingestion.process_playbyplay_v3 - INFO - Loaded 464 plays from 0022401090.csv
2025-10-29 13:45:16,549 - backend.services.data_ingestion.process_playbyplay_v3 - INFO - Loaded 491 plays from 0022401079.csv
2025-10-29 13:45:16,552 - backend.services.data_ingestion.process_playbyplay_v3 - INFO - Loaded 469 plays from 0022400165.csv
2025-10-29 13:45:16,554 - backend.services.data_ingestion.process_playbyplay_v3 - INFO - Loaded 531 plays from 0022400788.csv
2025-10-29 13:45:16,557 - backend.services.data_ingestion.process_playbyplay_v3 - INFO - Loaded 533 plays from 0022401119.csv
2025-10-29 13:45:16,560 - backend.services.data_ingestion.process_playbyplay_v3 - INFO - Loaded 584 plays from 0022400986.csv
2025-10-29 13:45:16,563 - backend.services.data_ingestion.process_playbyplay_v3 - INFO - Loaded 467 plays from 0022400170.csv
2025-10-29 13:45:16,565 - backend.services.data_ingestion.process_playbyplay_v3 - INFO - Loaded 468 plays from 0022401037.csv
2025-10-29 13:45:16,567 - backend.services.data_ingestion.process_playbyplay_v3 - INFO - Loaded 485 plays from 0022401209.csv
2025-10-29 13:45:16,570 - backend.services.data_ingestion.process_playbyplay_v3 - INFO - Loaded 510 plays from 0022400063.csv
2025-10-29 13:45:16,572 - backend.services.data_ingestion.process_playbyplay_v3 - INFO - Loaded 446 plays from 0042400134.csv
2025-10-29 13:45:16,574 - backend.services.data_ingestion.process_playbyplay_v3 - INFO - Loaded 508 plays from 0012400045.csv
2025-10-29 13:45:16,576 - backend.services.data_ingestion.process_playbyplay_v3 - INFO - Loaded 482 plays from 0022401142.csv
2025-10-29 13:45:16,579 - backend.services.data_ingestion.process_playbyplay_v3 - INFO - Loaded 529 plays from 0042400135.csv
2025-10-29 13:45:16,581 - backend.services.data_ingestion.process_playbyplay_v3 - INFO - Loaded 532 plays from 0022400102.csv
2025-10-29 13:45:16,583 - backend.services.data_ingestion.process_playbyplay_v3 - INFO - Loaded 502 plays from 0022400664.csv
2025-10-29 13:45:16,586 - backend.services.data_ingestion.process_playbyplay_v3 - INFO - Loaded 499 plays from 0022400882.csv
2025-10-29 13:45:16,588 - backend.services.data_ingestion.process_playbyplay_v3 - INFO - Loaded 485 plays from 0022401168.csv
2025-10-29 13:45:16,590 - backend.services.data_ingestion.process_playbyplay_v3 - INFO - Loaded 518 plays from 0022400510.csv
2025-10-29 13:45:16,593 - backend.services.data_ingestion.process_playbyplay_v3 - INFO - Loaded 482 plays from 0022400288.csv
2025-10-29 13:45:16,595 - backend.services.data_ingestion.process_playbyplay_v3 - INFO - Loaded 522 plays from 0022400707.csv
2025-10-29 13:45:16,597 - backend.services.data_ingestion.process_playbyplay_v3 - INFO - Loaded 417 plays from 0022400854.csv
2025-10-29 13:45:16,599 - backend.services.data_ingestion.process_playbyplay_v3 - INFO - Loaded 464 plays from 0022400868.csv
2025-10-29 13:45:16,603 - backend.services.data_ingestion.process_playbyplay_v3 - INFO - Loaded 462 plays from 0042400132.csv
2025-10-29 13:45:16,605 - backend.services.data_ingestion.process_playbyplay_v3 - INFO - Loaded 483 plays from 0022400272.csv
2025-10-29 13:45:16,608 - backend.services.data_ingestion.process_playbyplay_v3 - INFO - Loaded 498 plays from 0022400716.csv
2025-10-29 13:45:16,611 - backend.services.data_ingestion.process_playbyplay_v3 - INFO - Loaded 484 plays from 0042400133.csv
2025-10-29 13:45:16,614 - backend.services.data_ingestion.process_playbyplay_v3 - INFO - Loaded 473 plays from 0022400138.csv
2025-10-29 13:45:16,616 - backend.services.data_ingestion.process_playbyplay_v3 - INFO - Loaded 525 plays from 0022400306.csv
2025-10-29 13:45:16,623 - backend.services.data_ingestion.process_playbyplay_v3 - INFO - Loaded 495 plays from 0022401024.csv
2025-10-29 13:45:16,629 - backend.services.data_ingestion.process_playbyplay_v3 - INFO - Loaded 522 plays from 0022400933.csv
2025-10-29 13:45:16,637 - backend.services.data_ingestion.process_playbyplay_v3 - INFO - Loaded 485 plays from 0042400131.csv
2025-10-29 13:45:16,643 - backend.services.data_ingestion.process_playbyplay_v3 - INFO - Loaded 443 plays from 0022400463.csv
2025-10-29 13:45:16,646 - backend.services.data_ingestion.process_playbyplay_v3 - INFO - Loaded 483 plays from 0022400320.csv
2025-10-29 13:45:16,648 - backend.services.data_ingestion.process_playbyplay_v3 - INFO - Loaded 475 plays from 0022400081.csv
2025-10-29 13:45:16,651 - backend.services.data_ingestion.process_playbyplay_v3 - INFO - Loaded 634 plays from 0022401189.csv
2025-10-29 13:45:16,654 - backend.services.data_ingestion.process_playbyplay_v3 - INFO - Loaded 535 plays from 0022400254.csv
2025-10-29 13:45:16,656 - backend.services.data_ingestion.process_playbyplay_v3 - INFO - Loaded 501 plays from 0042400303.csv
2025-10-29 13:45:16,658 - backend.services.data_ingestion.process_playbyplay_v3 - INFO - Loaded 461 plays from 0042400302.csv
2025-10-29 13:45:16,661 - backend.services.data_ingestion.process_playbyplay_v3 - INFO - Loaded 517 plays from 0022400686.csv
2025-10-29 13:45:16,663 - backend.services.data_ingestion.process_playbyplay_v3 - INFO - Loaded 554 plays from 0022400914.csv
2025-10-29 13:45:16,666 - backend.services.data_ingestion.process_playbyplay_v3 - INFO - Loaded 484 plays from 0022400733.csv
2025-10-29 13:45:16,669 - backend.services.data_ingestion.process_playbyplay_v3 - INFO - Loaded 473 plays from 0022400525.csv
2025-10-29 13:45:16,671 - backend.services.data_ingestion.process_playbyplay_v3 - INFO - Loaded 585 plays from 0042400301.csv
2025-10-29 13:45:16,674 - backend.services.data_ingestion.process_playbyplay_v3 - INFO - Loaded 495 plays from 0022401148.csv
2025-10-29 13:45:16,677 - backend.services.data_ingestion.process_playbyplay_v3 - INFO - Loaded 512 plays from 0022400054.csv
2025-10-29 13:45:16,679 - backend.services.data_ingestion.process_playbyplay_v3 - INFO - Loaded 584 plays from 0022400097.csv
2025-10-29 13:45:16,682 - backend.services.data_ingestion.process_playbyplay_v3 - INFO - Loaded 509 plays from 0022401216.csv
2025-10-29 13:45:16,684 - backend.services.data_ingestion.process_playbyplay_v3 - INFO - Loaded 526 plays from 0022400450.csv
2025-10-29 13:45:16,687 - backend.services.data_ingestion.process_playbyplay_v3 - INFO - Loaded 454 plays from 0022400336.csv
2025-10-29 13:45:16,689 - backend.services.data_ingestion.process_playbyplay_v3 - INFO - Loaded 504 plays from 0042400305.csv
2025-10-29 13:45:16,692 - backend.services.data_ingestion.process_playbyplay_v3 - INFO - Loaded 522 plays from 0022400247.csv
2025-10-29 13:45:16,694 - backend.services.data_ingestion.process_playbyplay_v3 - INFO - Loaded 525 plays from 0042400304.csv
2025-10-29 13:45:16,696 - backend.services.data_ingestion.process_playbyplay_v3 - INFO - Loaded 464 plays from 0022400045.csv
2025-10-29 13:45:16,700 - backend.services.data_ingestion.process_playbyplay_v3 - INFO - Loaded 597 plays from 0022400119.csv
2025-10-29 13:45:16,703 - backend.services.data_ingestion.process_playbyplay_v3 - INFO - Loaded 567 plays from 0022401011.csv
2025-10-29 13:45:16,705 - backend.services.data_ingestion.process_playbyplay_v3 - INFO - Loaded 456 plays from 0022400480.csv
2025-10-29 13:45:16,708 - backend.services.data_ingestion.process_playbyplay_v3 - INFO - Loaded 470 plays from 0022400899.csv
2025-10-29 13:45:16,711 - backend.services.data_ingestion.process_playbyplay_v3 - INFO - Loaded 578 plays from 0012400061.csv
2025-10-29 13:45:16,713 - backend.services.data_ingestion.process_playbyplay_v3 - INFO - Loaded 505 plays from 0042400306.csv
2025-10-29 13:45:16,716 - backend.services.data_ingestion.process_playbyplay_v3 - INFO - Loaded 485 plays from 0022400279.csv
2025-10-29 13:45:16,719 - backend.services.data_ingestion.process_playbyplay_v3 - INFO - Loaded 524 plays from 0022401172.csv
2025-10-29 13:45:16,722 - backend.services.data_ingestion.process_playbyplay_v3 - INFO - Loaded 475 plays from 0022400495.csv
2025-10-29 13:45:16,724 - backend.services.data_ingestion.process_playbyplay_v3 - INFO - Loaded 462 plays from 0022401061.csv
2025-10-29 13:45:16,726 - backend.services.data_ingestion.process_playbyplay_v3 - INFO - Loaded 519 plays from 0022400633.csv
2025-10-29 13:45:16,729 - backend.services.data_ingestion.process_playbyplay_v3 - INFO - Loaded 453 plays from 0022400009.csv
2025-10-29 13:45:16,731 - backend.services.data_ingestion.process_playbyplay_v3 - INFO - Loaded 521 plays from 0042400406.csv
2025-10-29 13:45:16,734 - backend.services.data_ingestion.process_playbyplay_v3 - INFO - Loaded 542 plays from 0042400407.csv
2025-10-29 13:45:16,737 - backend.services.data_ingestion.process_playbyplay_v3 - INFO - Loaded 480 plays from 0042400201.csv
2025-10-29 13:45:16,740 - backend.services.data_ingestion.process_playbyplay_v3 - INFO - Loaded 576 plays from 0042400203.csv
2025-10-29 13:45:16,743 - backend.services.data_ingestion.process_playbyplay_v3 - INFO - Loaded 581 plays from 0042400405.csv
2025-10-29 13:45:16,745 - backend.services.data_ingestion.process_playbyplay_v3 - INFO - Loaded 539 plays from 0042400404.csv
2025-10-29 13:45:16,748 - backend.services.data_ingestion.process_playbyplay_v3 - INFO - Loaded 452 plays from 0022400235.csv
2025-10-29 13:45:16,752 - backend.services.data_ingestion.process_playbyplay_v3 - INFO - Loaded 555 plays from 0042400202.csv
2025-10-29 13:45:16,755 - backend.services.data_ingestion.process_playbyplay_v3 - INFO - Loaded 496 plays from 0022400369.csv
2025-10-29 13:45:16,757 - backend.services.data_ingestion.process_playbyplay_v3 - INFO - Loaded 477 plays from 0022400437.csv
2025-10-29 13:45:16,761 - backend.services.data_ingestion.process_playbyplay_v3 - INFO - Loaded 475 plays from 0022400184.csv
2025-10-29 13:45:16,765 - backend.services.data_ingestion.process_playbyplay_v3 - INFO - Loaded 473 plays from 0022400621.csv
2025-10-29 13:45:16,770 - backend.services.data_ingestion.process_playbyplay_v3 - INFO - Loaded 466 plays from 0022400972.csv
2025-10-29 13:45:16,777 - backend.services.data_ingestion.process_playbyplay_v3 - INFO - Loaded 495 plays from 0022400543.csv
2025-10-29 13:45:16,783 - backend.services.data_ingestion.process_playbyplay_v3 - INFO - Loaded 524 plays from 0042400401.csv
2025-10-29 13:45:16,786 - backend.services.data_ingestion.process_playbyplay_v3 - INFO - Loaded 501 plays from 0022400998.csv
2025-10-29 13:45:16,789 - backend.services.data_ingestion.process_playbyplay_v3 - INFO - Loaded 495 plays from 0022400813.csv
2025-10-29 13:45:16,792 - backend.services.data_ingestion.process_playbyplay_v3 - INFO - Loaded 535 plays from 0042400205.csv
2025-10-29 13:45:16,794 - backend.services.data_ingestion.process_playbyplay_v3 - INFO - Loaded 490 plays from 0022400420.csv
2025-10-29 13:45:16,796 - backend.services.data_ingestion.process_playbyplay_v3 - INFO - Loaded 485 plays from 0022400959.csv
2025-10-29 13:45:16,799 - backend.services.data_ingestion.process_playbyplay_v3 - INFO - Loaded 498 plays from 0022400742.csv
2025-10-29 13:45:16,802 - backend.services.data_ingestion.process_playbyplay_v3 - INFO - Loaded 521 plays from 0042400403.csv
2025-10-29 13:45:16,805 - backend.services.data_ingestion.process_playbyplay_v3 - INFO - Loaded 441 plays from 0022401104.csv
2025-10-29 13:45:16,808 - backend.services.data_ingestion.process_playbyplay_v3 - INFO - Loaded 517 plays from 0022400554.csv
2025-10-29 13:45:16,810 - backend.services.data_ingestion.process_playbyplay_v3 - INFO - Loaded 516 plays from 0042400402.csv
2025-10-29 13:45:16,812 - backend.services.data_ingestion.process_playbyplay_v3 - INFO - Loaded 499 plays from 0042400204.csv
2025-10-29 13:45:16,813 - backend.services.data_ingestion.process_playbyplay_v3 - INFO - Successfully loaded 109 games
2025-10-29 13:45:16,813 - backend.services.data_ingestion.process_playbyplay_v3 - INFO - Merging 109 games
2025-10-29 13:45:16,813 - backend.services.data_ingestion.process_playbyplay_v3 - INFO - Cleaning game 1/109
2025-10-29 13:45:16,836 - backend.services.data_ingestion.process_playbyplay_v3 - INFO - Cleaning game 2/109
2025-10-29 13:45:16,848 - backend.services.data_ingestion.process_playbyplay_v3 - INFO - Cleaning game 3/109
2025-10-29 13:45:16,861 - backend.services.data_ingestion.process_playbyplay_v3 - INFO - Cleaning game 4/109
2025-10-29 13:45:16,875 - backend.services.data_ingestion.process_playbyplay_v3 - INFO - Cleaning game 5/109
2025-10-29 13:45:16,888 - backend.services.data_ingestion.process_playbyplay_v3 - INFO - Cleaning game 6/109
2025-10-29 13:45:16,899 - backend.services.data_ingestion.process_playbyplay_v3 - INFO - Cleaning game 7/109
2025-10-29 13:45:16,912 - backend.services.data_ingestion.process_playbyplay_v3 - INFO - Cleaning game 8/109
2025-10-29 13:45:16,931 - backend.services.data_ingestion.process_playbyplay_v3 - INFO - Cleaning game 9/109
2025-10-29 13:45:16,981 - backend.services.data_ingestion.process_playbyplay_v3 - INFO - Cleaning game 10/109
2025-10-29 13:45:17,098 - backend.services.data_ingestion.process_playbyplay_v3 - INFO - Cleaning game 11/109
2025-10-29 13:45:17,113 - backend.services.data_ingestion.process_playbyplay_v3 - INFO - Cleaning game 12/109
2025-10-29 13:45:17,153 - backend.services.data_ingestion.process_playbyplay_v3 - INFO - Cleaning game 13/109
2025-10-29 13:45:17,165 - backend.services.data_ingestion.process_playbyplay_v3 - INFO - Cleaning game 14/109
2025-10-29 13:45:17,181 - backend.services.data_ingestion.process_playbyplay_v3 - INFO - Cleaning game 15/109
2025-10-29 13:45:17,194 - backend.services.data_ingestion.process_playbyplay_v3 - INFO - Cleaning game 16/109
2025-10-29 13:45:17,214 - backend.services.data_ingestion.process_playbyplay_v3 - INFO - Cleaning game 17/109
2025-10-29 13:45:17,227 - backend.services.data_ingestion.process_playbyplay_v3 - INFO - Cleaning game 18/109
2025-10-29 13:45:17,242 - backend.services.data_ingestion.process_playbyplay_v3 - INFO - Cleaning game 19/109
2025-10-29 13:45:17,255 - backend.services.data_ingestion.process_playbyplay_v3 - INFO - Cleaning game 20/109
2025-10-29 13:45:17,267 - backend.services.data_ingestion.process_playbyplay_v3 - INFO - Cleaning game 21/109
2025-10-29 13:45:17,280 - backend.services.data_ingestion.process_playbyplay_v3 - INFO - Cleaning game 22/109
2025-10-29 13:45:17,294 - backend.services.data_ingestion.process_playbyplay_v3 - INFO - Cleaning game 23/109
2025-10-29 13:45:17,309 - backend.services.data_ingestion.process_playbyplay_v3 - INFO - Cleaning game 24/109
2025-10-29 13:45:17,321 - backend.services.data_ingestion.process_playbyplay_v3 - INFO - Cleaning game 25/109
2025-10-29 13:45:17,333 - backend.services.data_ingestion.process_playbyplay_v3 - INFO - Cleaning game 26/109
2025-10-29 13:45:17,346 - backend.services.data_ingestion.process_playbyplay_v3 - INFO - Cleaning game 27/109
2025-10-29 13:45:17,359 - backend.services.data_ingestion.process_playbyplay_v3 - INFO - Cleaning game 28/109
2025-10-29 13:45:17,371 - backend.services.data_ingestion.process_playbyplay_v3 - INFO - Cleaning game 29/109
2025-10-29 13:45:17,384 - backend.services.data_ingestion.process_playbyplay_v3 - INFO - Cleaning game 30/109
2025-10-29 13:45:17,396 - backend.services.data_ingestion.process_playbyplay_v3 - INFO - Cleaning game 31/109
2025-10-29 13:45:17,409 - backend.services.data_ingestion.process_playbyplay_v3 - INFO - Cleaning game 32/109
2025-10-29 13:45:17,421 - backend.services.data_ingestion.process_playbyplay_v3 - INFO - Cleaning game 33/109
2025-10-29 13:45:17,433 - backend.services.data_ingestion.process_playbyplay_v3 - INFO - Cleaning game 34/109
2025-10-29 13:45:17,446 - backend.services.data_ingestion.process_playbyplay_v3 - INFO - Cleaning game 35/109
2025-10-29 13:45:17,458 - backend.services.data_ingestion.process_playbyplay_v3 - INFO - Cleaning game 36/109
2025-10-29 13:45:17,470 - backend.services.data_ingestion.process_playbyplay_v3 - INFO - Cleaning game 37/109
2025-10-29 13:45:17,481 - backend.services.data_ingestion.process_playbyplay_v3 - INFO - Cleaning game 38/109
2025-10-29 13:45:17,494 - backend.services.data_ingestion.process_playbyplay_v3 - INFO - Cleaning game 39/109
2025-10-29 13:45:17,504 - backend.services.data_ingestion.process_playbyplay_v3 - INFO - Cleaning game 40/109
2025-10-29 13:45:17,515 - backend.services.data_ingestion.process_playbyplay_v3 - INFO - Cleaning game 41/109
2025-10-29 13:45:17,526 - backend.services.data_ingestion.process_playbyplay_v3 - INFO - Cleaning game 42/109
2025-10-29 13:45:17,538 - backend.services.data_ingestion.process_playbyplay_v3 - INFO - Cleaning game 43/109
2025-10-29 13:45:17,549 - backend.services.data_ingestion.process_playbyplay_v3 - INFO - Cleaning game 44/109
2025-10-29 13:45:17,561 - backend.services.data_ingestion.process_playbyplay_v3 - INFO - Cleaning game 45/109
2025-10-29 13:45:17,573 - backend.services.data_ingestion.process_playbyplay_v3 - INFO - Cleaning game 46/109
2025-10-29 13:45:17,585 - backend.services.data_ingestion.process_playbyplay_v3 - INFO - Cleaning game 47/109
2025-10-29 13:45:17,596 - backend.services.data_ingestion.process_playbyplay_v3 - INFO - Cleaning game 48/109
2025-10-29 13:45:17,616 - backend.services.data_ingestion.process_playbyplay_v3 - INFO - Cleaning game 49/109
2025-10-29 13:45:17,628 - backend.services.data_ingestion.process_playbyplay_v3 - INFO - Cleaning game 50/109
2025-10-29 13:45:17,640 - backend.services.data_ingestion.process_playbyplay_v3 - INFO - Cleaning game 51/109
2025-10-29 13:45:17,654 - backend.services.data_ingestion.process_playbyplay_v3 - INFO - Cleaning game 52/109
2025-10-29 13:45:17,667 - backend.services.data_ingestion.process_playbyplay_v3 - INFO - Cleaning game 53/109
2025-10-29 13:45:17,683 - backend.services.data_ingestion.process_playbyplay_v3 - INFO - Cleaning game 54/109
2025-10-29 13:45:17,704 - backend.services.data_ingestion.process_playbyplay_v3 - INFO - Cleaning game 55/109
2025-10-29 13:45:17,723 - backend.services.data_ingestion.process_playbyplay_v3 - INFO - Cleaning game 56/109
2025-10-29 13:45:17,735 - backend.services.data_ingestion.process_playbyplay_v3 - INFO - Cleaning game 57/109
2025-10-29 13:45:17,747 - backend.services.data_ingestion.process_playbyplay_v3 - INFO - Cleaning game 58/109
2025-10-29 13:45:17,761 - backend.services.data_ingestion.process_playbyplay_v3 - INFO - Cleaning game 59/109
2025-10-29 13:45:17,774 - backend.services.data_ingestion.process_playbyplay_v3 - INFO - Cleaning game 60/109
2025-10-29 13:45:17,788 - backend.services.data_ingestion.process_playbyplay_v3 - INFO - Cleaning game 61/109
2025-10-29 13:45:17,802 - backend.services.data_ingestion.process_playbyplay_v3 - INFO - Cleaning game 62/109
2025-10-29 13:45:17,815 - backend.services.data_ingestion.process_playbyplay_v3 - INFO - Cleaning game 63/109
2025-10-29 13:45:17,829 - backend.services.data_ingestion.process_playbyplay_v3 - INFO - Cleaning game 64/109
2025-10-29 13:45:17,844 - backend.services.data_ingestion.process_playbyplay_v3 - INFO - Cleaning game 65/109
2025-10-29 13:45:17,857 - backend.services.data_ingestion.process_playbyplay_v3 - INFO - Cleaning game 66/109
2025-10-29 13:45:17,871 - backend.services.data_ingestion.process_playbyplay_v3 - INFO - Cleaning game 67/109
2025-10-29 13:45:17,882 - backend.services.data_ingestion.process_playbyplay_v3 - INFO - Cleaning game 68/109
2025-10-29 13:45:17,895 - backend.services.data_ingestion.process_playbyplay_v3 - INFO - Cleaning game 69/109
2025-10-29 13:45:17,909 - backend.services.data_ingestion.process_playbyplay_v3 - INFO - Cleaning game 70/109
2025-10-29 13:45:17,922 - backend.services.data_ingestion.process_playbyplay_v3 - INFO - Cleaning game 71/109
2025-10-29 13:45:17,934 - backend.services.data_ingestion.process_playbyplay_v3 - INFO - Cleaning game 72/109
2025-10-29 13:45:17,949 - backend.services.data_ingestion.process_playbyplay_v3 - INFO - Cleaning game 73/109
2025-10-29 13:45:17,963 - backend.services.data_ingestion.process_playbyplay_v3 - INFO - Cleaning game 74/109
2025-10-29 13:45:17,975 - backend.services.data_ingestion.process_playbyplay_v3 - INFO - Cleaning game 75/109
2025-10-29 13:45:17,988 - backend.services.data_ingestion.process_playbyplay_v3 - INFO - Cleaning game 76/109
2025-10-29 13:45:18,004 - backend.services.data_ingestion.process_playbyplay_v3 - INFO - Cleaning game 77/109
2025-10-29 13:45:18,018 - backend.services.data_ingestion.process_playbyplay_v3 - INFO - Cleaning game 78/109
2025-10-29 13:45:18,031 - backend.services.data_ingestion.process_playbyplay_v3 - INFO - Cleaning game 79/109
2025-10-29 13:45:18,045 - backend.services.data_ingestion.process_playbyplay_v3 - INFO - Cleaning game 80/109
2025-10-29 13:45:18,058 - backend.services.data_ingestion.process_playbyplay_v3 - INFO - Cleaning game 81/109
2025-10-29 13:45:18,071 - backend.services.data_ingestion.process_playbyplay_v3 - INFO - Cleaning game 82/109
2025-10-29 13:45:18,083 - backend.services.data_ingestion.process_playbyplay_v3 - INFO - Cleaning game 83/109
2025-10-29 13:45:18,096 - backend.services.data_ingestion.process_playbyplay_v3 - INFO - Cleaning game 84/109
2025-10-29 13:45:18,109 - backend.services.data_ingestion.process_playbyplay_v3 - INFO - Cleaning game 85/109
2025-10-29 13:45:18,123 - backend.services.data_ingestion.process_playbyplay_v3 - INFO - Cleaning game 86/109
2025-10-29 13:45:18,136 - backend.services.data_ingestion.process_playbyplay_v3 - INFO - Cleaning game 87/109
2025-10-29 13:45:18,149 - backend.services.data_ingestion.process_playbyplay_v3 - INFO - Cleaning game 88/109
2025-10-29 13:45:18,163 - backend.services.data_ingestion.process_playbyplay_v3 - INFO - Cleaning game 89/109
2025-10-29 13:45:18,177 - backend.services.data_ingestion.process_playbyplay_v3 - INFO - Cleaning game 90/109
2025-10-29 13:45:18,190 - backend.services.data_ingestion.process_playbyplay_v3 - INFO - Cleaning game 91/109
2025-10-29 13:45:18,204 - backend.services.data_ingestion.process_playbyplay_v3 - INFO - Cleaning game 92/109
2025-10-29 13:45:18,216 - backend.services.data_ingestion.process_playbyplay_v3 - INFO - Cleaning game 93/109
2025-10-29 13:45:18,229 - backend.services.data_ingestion.process_playbyplay_v3 - INFO - Cleaning game 94/109
2025-10-29 13:45:18,241 - backend.services.data_ingestion.process_playbyplay_v3 - INFO - Cleaning game 95/109
2025-10-29 13:45:18,254 - backend.services.data_ingestion.process_playbyplay_v3 - INFO - Cleaning game 96/109
2025-10-29 13:45:18,266 - backend.services.data_ingestion.process_playbyplay_v3 - INFO - Cleaning game 97/109
2025-10-29 13:45:18,280 - backend.services.data_ingestion.process_playbyplay_v3 - INFO - Cleaning game 98/109
2025-10-29 13:45:18,293 - backend.services.data_ingestion.process_playbyplay_v3 - INFO - Cleaning game 99/109
2025-10-29 13:45:18,306 - backend.services.data_ingestion.process_playbyplay_v3 - INFO - Cleaning game 100/109
2025-10-29 13:45:18,319 - backend.services.data_ingestion.process_playbyplay_v3 - INFO - Cleaning game 101/109
2025-10-29 13:45:18,332 - backend.services.data_ingestion.process_playbyplay_v3 - INFO - Cleaning game 102/109
2025-10-29 13:45:18,344 - backend.services.data_ingestion.process_playbyplay_v3 - INFO - Cleaning game 103/109
2025-10-29 13:45:18,358 - backend.services.data_ingestion.process_playbyplay_v3 - INFO - Cleaning game 104/109
2025-10-29 13:45:18,371 - backend.services.data_ingestion.process_playbyplay_v3 - INFO - Cleaning game 105/109
2025-10-29 13:45:18,384 - backend.services.data_ingestion.process_playbyplay_v3 - INFO - Cleaning game 106/109
2025-10-29 13:45:18,396 - backend.services.data_ingestion.process_playbyplay_v3 - INFO - Cleaning game 107/109
2025-10-29 13:45:18,409 - backend.services.data_ingestion.process_playbyplay_v3 - INFO - Cleaning game 108/109
2025-10-29 13:45:18,422 - backend.services.data_ingestion.process_playbyplay_v3 - INFO - Cleaning game 109/109
2025-10-29 13:45:18,473 - backend.services.data_ingestion.process_playbyplay_v3 - INFO - Merged data: 48912 total plays across 109 games
2025-10-29 13:45:18,607 - backend.services.data_ingestion.process_playbyplay_v3 - INFO - Saved 48912 plays to data/processed/playbyplay_indiana_pacers_2024_25_cleaned.csv
2025-10-29 13:45:18,621 - __main__ - INFO - Completed processing play-by-play data for Indiana Pacers 2024-25
2025-10-29 13:45:18,621 - __main__ - INFO - Results: {'total_plays': 48912, 'total_games': 109, 'avg_plays_per_game': 448.73394495412845, 'event_categories': {'SHOT': 19529, 'REBOUND': 11206, 'SUBSTITUTION': 5847, 'FREE_THROW': 5013, 'FOUL': 4733, 'TURNOVER': 2584}, 'periods': {1: 11611, 2: 12256, 3: 12138, 4: 12398, 5: 468, 6: 41}, 'score_margin_stats': {'mean': 0.3479105332024861, 'std': 5.766242040414265, 'min': -57, 'max': 59}, 'missing_values': {'HOMEDESCRIPTION': 0, 'PLAYER1_NAME': 2001}, 'duration_info': {'min_seconds': 0, 'max_seconds': 2876, 'mean_seconds': 1387.7838567222768}}
2025-10-29 13:45:18,621 - __main__ - INFO - Validation results: {'total_rows': 48912, 'unique_games': 109, 'event_category_distribution': {'SHOT': 19529, 'REBOUND': 11206, 'SUBSTITUTION': 5847, 'FREE_THROW': 5013, 'FOUL': 4733, 'TURNOVER': 2584}, 'missing_field_counts': {'GAME_ID': 0, 'EVENTNUM': 0, 'PERIOD': 0, 'PLAYER1_NAME': 2001, 'HOMEDESCRIPTION': 0, 'VISITORDESCRIPTION': 48912, 'TEAM_ID_HOME': 0, 'TEAM_ID_AWAY': 48912}, 'numeric_field_stats': {'score_margin_int': {'min': -57.0, 'max': 59.0, 'mean': 0.3479105332024861, 'null_count': 0}, 'seconds_remaining_period': {'min': 0.0, 'max': 720.0, 'mean': 335.5316486751717, 'null_count': 0}, 'total_seconds_remaining': {'min': 0.0, 'max': 2876.0, 'mean': 1387.7838567222768, 'null_count': 0}, 'PERIOD': {'min': 1.0, 'max': 6.0, 'mean': 2.54978328426562, 'null_count': 0}}, 'validation_passed': True}
