2025-10-29 13:49:01,162 - backend.services.data_ingestion.process_playbyplay_v3 - INFO - Loading play-by-play data for 109 games from data/raw/playbyplay/indiana_pacers/2024_25
2025-10-29 13:49:01,168 - backend.services.data_ingestion.process_playbyplay_v3 - INFO - Loaded 457 plays from 0022400389.csv
2025-10-29 13:49:01,170 - backend.services.data_ingestion.process_playbyplay_v3 - INFO - Loaded 475 plays from 0022400410.csv
2025-10-29 13:49:01,173 - backend.services.data_ingestion.process_playbyplay_v3 - INFO - Loaded 476 plays from 0022400203.csv
2025-10-29 13:49:01,175 - backend.services.data_ingestion.process_playbyplay_v3 - INFO - Loaded 486 plays from 0022400217.csv
2025-10-29 13:49:01,178 - backend.services.data_ingestion.process_playbyplay_v3 - INFO - Loaded 502 plays from 0022400029.csv
2025-10-29 13:49:01,180 - backend.services.data_ingestion.process_playbyplay_v3 - INFO - Loaded 457 plays from 0022401055.csv
2025-10-29 13:49:01,183 - backend.services.data_ingestion.process_playbyplay_v3 - INFO - Loaded 487 plays from 0022400349.csv
2025-10-29 13:49:01,186 - backend.services.data_ingestion.process_playbyplay_v3 - INFO - Loaded 482 plays from 0022400822.csv
2025-10-29 13:49:01,193 - backend.services.data_ingestion.process_playbyplay_v3 - INFO - Loaded 469 plays from 0022400942.csv
2025-10-29 13:49:01,199 - backend.services.data_ingestion.process_playbyplay_v3 - INFO - Loaded 481 plays from 0022400765.csv
2025-10-29 13:49:01,201 - backend.services.data_ingestion.process_playbyplay_v3 - INFO - Loaded 535 plays from 0022400771.csv
2025-10-29 13:49:01,204 - backend.services.data_ingestion.process_playbyplay_v3 - INFO - Loaded 508 plays from 0022400572.csv
2025-10-29 13:49:01,207 - backend.services.data_ingestion.process_playbyplay_v3 - INFO - Loaded 476 plays from 0012400024.csv
2025-10-29 13:49:01,209 - backend.services.data_ingestion.process_playbyplay_v3 - INFO - Loaded 526 plays from 0012400018.csv
2025-10-29 13:49:01,212 - backend.services.data_ingestion.process_playbyplay_v3 - INFO - Loaded 483 plays from 0022400837.csv
2025-10-29 13:49:01,215 - backend.services.data_ingestion.process_playbyplay_v3 - INFO - Loaded 479 plays from 0022400588.csv
2025-10-29 13:49:01,220 - backend.services.data_ingestion.process_playbyplay_v3 - INFO - Loaded 484 plays from 0022400403.csv
2025-10-29 13:49:01,223 - backend.services.data_ingestion.process_playbyplay_v3 - INFO - Loaded 464 plays from 0022401090.csv
2025-10-29 13:49:01,226 - backend.services.data_ingestion.process_playbyplay_v3 - INFO - Loaded 491 plays from 0022401079.csv
2025-10-29 13:49:01,229 - backend.services.data_ingestion.process_playbyplay_v3 - INFO - Loaded 469 plays from 0022400165.csv
2025-10-29 13:49:01,232 - backend.services.data_ingestion.process_playbyplay_v3 - INFO - Loaded 531 plays from 0022400788.csv
2025-10-29 13:49:01,235 - backend.services.data_ingestion.process_playbyplay_v3 - INFO - Loaded 533 plays from 0022401119.csv
2025-10-29 13:49:01,238 - backend.services.data_ingestion.process_playbyplay_v3 - INFO - Loaded 584 plays from 0022400986.csv
2025-10-29 13:49:01,240 - backend.services.data_ingestion.process_playbyplay_v3 - INFO - Loaded 467 plays from 0022400170.csv
2025-10-29 13:49:01,243 - backend.services.data_ingestion.process_playbyplay_v3 - INFO - Loaded 468 plays from 0022401037.csv
2025-10-29 13:49:01,245 - backend.services.data_ingestion.process_playbyplay_v3 - INFO - Loaded 485 plays from 0022401209.csv
2025-10-29 13:49:01,248 - backend.services.data_ingestion.process_playbyplay_v3 - INFO - Loaded 510 plays from 0022400063.csv
2025-10-29 13:49:01,251 - backend.services.data_ingestion.process_playbyplay_v3 - INFO - Loaded 446 plays from 0042400134.csv
2025-10-29 13:49:01,254 - backend.services.data_ingestion.process_playbyplay_v3 - INFO - Loaded 508 plays from 0012400045.csv
2025-10-29 13:49:01,257 - backend.services.data_ingestion.process_playbyplay_v3 - INFO - Loaded 482 plays from 0022401142.csv
2025-10-29 13:49:01,260 - backend.services.data_ingestion.process_playbyplay_v3 - INFO - Loaded 529 plays from 0042400135.csv
2025-10-29 13:49:01,263 - backend.services.data_ingestion.process_playbyplay_v3 - INFO - Loaded 532 plays from 0022400102.csv
2025-10-29 13:49:01,266 - backend.services.data_ingestion.process_playbyplay_v3 - INFO - Loaded 502 plays from 0022400664.csv
2025-10-29 13:49:01,269 - backend.services.data_ingestion.process_playbyplay_v3 - INFO - Loaded 499 plays from 0022400882.csv
2025-10-29 13:49:01,272 - backend.services.data_ingestion.process_playbyplay_v3 - INFO - Loaded 485 plays from 0022401168.csv
2025-10-29 13:49:01,275 - backend.services.data_ingestion.process_playbyplay_v3 - INFO - Loaded 518 plays from 0022400510.csv
2025-10-29 13:49:01,279 - backend.services.data_ingestion.process_playbyplay_v3 - INFO - Loaded 482 plays from 0022400288.csv
2025-10-29 13:49:01,285 - backend.services.data_ingestion.process_playbyplay_v3 - INFO - Loaded 522 plays from 0022400707.csv
2025-10-29 13:49:01,291 - backend.services.data_ingestion.process_playbyplay_v3 - INFO - Loaded 417 plays from 0022400854.csv
2025-10-29 13:49:01,298 - backend.services.data_ingestion.process_playbyplay_v3 - INFO - Loaded 464 plays from 0022400868.csv
2025-10-29 13:49:01,304 - backend.services.data_ingestion.process_playbyplay_v3 - INFO - Loaded 462 plays from 0042400132.csv
2025-10-29 13:49:01,308 - backend.services.data_ingestion.process_playbyplay_v3 - INFO - Loaded 483 plays from 0022400272.csv
2025-10-29 13:49:01,311 - backend.services.data_ingestion.process_playbyplay_v3 - INFO - Loaded 498 plays from 0022400716.csv
2025-10-29 13:49:01,314 - backend.services.data_ingestion.process_playbyplay_v3 - INFO - Loaded 484 plays from 0042400133.csv
2025-10-29 13:49:01,317 - backend.services.data_ingestion.process_playbyplay_v3 - INFO - Loaded 473 plays from 0022400138.csv
2025-10-29 13:49:01,321 - backend.services.data_ingestion.process_playbyplay_v3 - INFO - Loaded 525 plays from 0022400306.csv
2025-10-29 13:49:01,323 - backend.services.data_ingestion.process_playbyplay_v3 - INFO - Loaded 495 plays from 0022401024.csv
2025-10-29 13:49:01,326 - backend.services.data_ingestion.process_playbyplay_v3 - INFO - Loaded 522 plays from 0022400933.csv
2025-10-29 13:49:01,328 - backend.services.data_ingestion.process_playbyplay_v3 - INFO - Loaded 485 plays from 0042400131.csv
2025-10-29 13:49:01,331 - backend.services.data_ingestion.process_playbyplay_v3 - INFO - Loaded 443 plays from 0022400463.csv
2025-10-29 13:49:01,334 - backend.services.data_ingestion.process_playbyplay_v3 - INFO - Loaded 483 plays from 0022400320.csv
2025-10-29 13:49:01,337 - backend.services.data_ingestion.process_playbyplay_v3 - INFO - Loaded 475 plays from 0022400081.csv
2025-10-29 13:49:01,340 - backend.services.data_ingestion.process_playbyplay_v3 - INFO - Loaded 634 plays from 0022401189.csv
2025-10-29 13:49:01,343 - backend.services.data_ingestion.process_playbyplay_v3 - INFO - Loaded 535 plays from 0022400254.csv
2025-10-29 13:49:01,345 - backend.services.data_ingestion.process_playbyplay_v3 - INFO - Loaded 501 plays from 0042400303.csv
2025-10-29 13:49:01,348 - backend.services.data_ingestion.process_playbyplay_v3 - INFO - Loaded 461 plays from 0042400302.csv
2025-10-29 13:49:01,352 - backend.services.data_ingestion.process_playbyplay_v3 - INFO - Loaded 517 plays from 0022400686.csv
2025-10-29 13:49:01,354 - backend.services.data_ingestion.process_playbyplay_v3 - INFO - Loaded 554 plays from 0022400914.csv
2025-10-29 13:49:01,357 - backend.services.data_ingestion.process_playbyplay_v3 - INFO - Loaded 484 plays from 0022400733.csv
2025-10-29 13:49:01,359 - backend.services.data_ingestion.process_playbyplay_v3 - INFO - Loaded 473 plays from 0022400525.csv
2025-10-29 13:49:01,362 - backend.services.data_ingestion.process_playbyplay_v3 - INFO - Loaded 585 plays from 0042400301.csv
2025-10-29 13:49:01,364 - backend.services.data_ingestion.process_playbyplay_v3 - INFO - Loaded 495 plays from 0022401148.csv
2025-10-29 13:49:01,367 - backend.services.data_ingestion.process_playbyplay_v3 - INFO - Loaded 512 plays from 0022400054.csv
2025-10-29 13:49:01,369 - backend.services.data_ingestion.process_playbyplay_v3 - INFO - Loaded 584 plays from 0022400097.csv
2025-10-29 13:49:01,372 - backend.services.data_ingestion.process_playbyplay_v3 - INFO - Loaded 509 plays from 0022401216.csv
2025-10-29 13:49:01,374 - backend.services.data_ingestion.process_playbyplay_v3 - INFO - Loaded 526 plays from 0022400450.csv
2025-10-29 13:49:01,376 - backend.services.data_ingestion.process_playbyplay_v3 - INFO - Loaded 454 plays from 0022400336.csv
2025-10-29 13:49:01,378 - backend.services.data_ingestion.process_playbyplay_v3 - INFO - Loaded 504 plays from 0042400305.csv
2025-10-29 13:49:01,380 - backend.services.data_ingestion.process_playbyplay_v3 - INFO - Loaded 522 plays from 0022400247.csv
2025-10-29 13:49:01,383 - backend.services.data_ingestion.process_playbyplay_v3 - INFO - Loaded 525 plays from 0042400304.csv
2025-10-29 13:49:01,385 - backend.services.data_ingestion.process_playbyplay_v3 - INFO - Loaded 464 plays from 0022400045.csv
2025-10-29 13:49:01,388 - backend.services.data_ingestion.process_playbyplay_v3 - INFO - Loaded 597 plays from 0022400119.csv
2025-10-29 13:49:01,391 - backend.services.data_ingestion.process_playbyplay_v3 - INFO - Loaded 567 plays from 0022401011.csv
2025-10-29 13:49:01,393 - backend.services.data_ingestion.process_playbyplay_v3 - INFO - Loaded 456 plays from 0022400480.csv
2025-10-29 13:49:01,395 - backend.services.data_ingestion.process_playbyplay_v3 - INFO - Loaded 470 plays from 0022400899.csv
2025-10-29 13:49:01,398 - backend.services.data_ingestion.process_playbyplay_v3 - INFO - Loaded 578 plays from 0012400061.csv
2025-10-29 13:49:01,400 - backend.services.data_ingestion.process_playbyplay_v3 - INFO - Loaded 505 plays from 0042400306.csv
2025-10-29 13:49:01,403 - backend.services.data_ingestion.process_playbyplay_v3 - INFO - Loaded 485 plays from 0022400279.csv
2025-10-29 13:49:01,405 - backend.services.data_ingestion.process_playbyplay_v3 - INFO - Loaded 524 plays from 0022401172.csv
2025-10-29 13:49:01,407 - backend.services.data_ingestion.process_playbyplay_v3 - INFO - Loaded 475 plays from 0022400495.csv
2025-10-29 13:49:01,409 - backend.services.data_ingestion.process_playbyplay_v3 - INFO - Loaded 462 plays from 0022401061.csv
2025-10-29 13:49:01,411 - backend.services.data_ingestion.process_playbyplay_v3 - INFO - Loaded 519 plays from 0022400633.csv
2025-10-29 13:49:01,413 - backend.services.data_ingestion.process_playbyplay_v3 - INFO - Loaded 453 plays from 0022400009.csv
2025-10-29 13:49:01,416 - backend.services.data_ingestion.process_playbyplay_v3 - INFO - Loaded 521 plays from 0042400406.csv
2025-10-29 13:49:01,418 - backend.services.data_ingestion.process_playbyplay_v3 - INFO - Loaded 542 plays from 0042400407.csv
2025-10-29 13:49:01,421 - backend.services.data_ingestion.process_playbyplay_v3 - INFO - Loaded 480 plays from 0042400201.csv
2025-10-29 13:49:01,423 - backend.services.data_ingestion.process_playbyplay_v3 - INFO - Loaded 576 plays from 0042400203.csv
2025-10-29 13:49:01,425 - backend.services.data_ingestion.process_playbyplay_v3 - INFO - Loaded 581 plays from 0042400405.csv
2025-10-29 13:49:01,428 - backend.services.data_ingestion.process_playbyplay_v3 - INFO - Loaded 539 plays from 0042400404.csv
2025-10-29 13:49:01,430 - backend.services.data_ingestion.process_playbyplay_v3 - INFO - Loaded 452 plays from 0022400235.csv
2025-10-29 13:49:01,432 - backend.services.data_ingestion.process_playbyplay_v3 - INFO - Loaded 555 plays from 0042400202.csv
2025-10-29 13:49:01,435 - backend.services.data_ingestion.process_playbyplay_v3 - INFO - Loaded 496 plays from 0022400369.csv
2025-10-29 13:49:01,437 - backend.services.data_ingestion.process_playbyplay_v3 - INFO - Loaded 477 plays from 0022400437.csv
2025-10-29 13:49:01,439 - backend.services.data_ingestion.process_playbyplay_v3 - INFO - Loaded 475 plays from 0022400184.csv
2025-10-29 13:49:01,441 - backend.services.data_ingestion.process_playbyplay_v3 - INFO - Loaded 473 plays from 0022400621.csv
2025-10-29 13:49:01,443 - backend.services.data_ingestion.process_playbyplay_v3 - INFO - Loaded 466 plays from 0022400972.csv
2025-10-29 13:49:01,445 - backend.services.data_ingestion.process_playbyplay_v3 - INFO - Loaded 495 plays from 0022400543.csv
2025-10-29 13:49:01,448 - backend.services.data_ingestion.process_playbyplay_v3 - INFO - Loaded 524 plays from 0042400401.csv
2025-10-29 13:49:01,450 - backend.services.data_ingestion.process_playbyplay_v3 - INFO - Loaded 501 plays from 0022400998.csv
2025-10-29 13:49:01,453 - backend.services.data_ingestion.process_playbyplay_v3 - INFO - Loaded 495 plays from 0022400813.csv
2025-10-29 13:49:01,455 - backend.services.data_ingestion.process_playbyplay_v3 - INFO - Loaded 535 plays from 0042400205.csv
2025-10-29 13:49:01,457 - backend.services.data_ingestion.process_playbyplay_v3 - INFO - Loaded 490 plays from 0022400420.csv
2025-10-29 13:49:01,459 - backend.services.data_ingestion.process_playbyplay_v3 - INFO - Loaded 485 plays from 0022400959.csv
2025-10-29 13:49:01,462 - backend.services.data_ingestion.process_playbyplay_v3 - INFO - Loaded 498 plays from 0022400742.csv
2025-10-29 13:49:01,464 - backend.services.data_ingestion.process_playbyplay_v3 - INFO - Loaded 521 plays from 0042400403.csv
2025-10-29 13:49:01,466 - backend.services.data_ingestion.process_playbyplay_v3 - INFO - Loaded 441 plays from 0022401104.csv
2025-10-29 13:49:01,469 - backend.services.data_ingestion.process_playbyplay_v3 - INFO - Loaded 517 plays from 0022400554.csv
2025-10-29 13:49:01,471 - backend.services.data_ingestion.process_playbyplay_v3 - INFO - Loaded 516 plays from 0042400402.csv
2025-10-29 13:49:01,473 - backend.services.data_ingestion.process_playbyplay_v3 - INFO - Loaded 499 plays from 0042400204.csv
2025-10-29 13:49:01,473 - backend.services.data_ingestion.process_playbyplay_v3 - INFO - Successfully loaded 109 games
2025-10-29 13:49:01,473 - backend.services.data_ingestion.process_playbyplay_v3 - INFO - Merging 109 games
2025-10-29 13:49:01,474 - backend.services.data_ingestion.process_playbyplay_v3 - INFO - Cleaning game 1/109
2025-10-29 13:49:01,506 - backend.services.data_ingestion.process_playbyplay_v3 - INFO - Cleaning game 2/109
2025-10-29 13:49:01,519 - backend.services.data_ingestion.process_playbyplay_v3 - INFO - Cleaning game 3/109
2025-10-29 13:49:01,532 - backend.services.data_ingestion.process_playbyplay_v3 - INFO - Cleaning game 4/109
2025-10-29 13:49:01,544 - backend.services.data_ingestion.process_playbyplay_v3 - INFO - Cleaning game 5/109
2025-10-29 13:49:01,557 - backend.services.data_ingestion.process_playbyplay_v3 - INFO - Cleaning game 6/109
2025-10-29 13:49:01,569 - backend.services.data_ingestion.process_playbyplay_v3 - INFO - Cleaning game 7/109
2025-10-29 13:49:01,581 - backend.services.data_ingestion.process_playbyplay_v3 - INFO - Cleaning game 8/109
2025-10-29 13:49:01,594 - backend.services.data_ingestion.process_playbyplay_v3 - INFO - Cleaning game 9/109
2025-10-29 13:49:01,605 - backend.services.data_ingestion.process_playbyplay_v3 - INFO - Cleaning game 10/109
2025-10-29 13:49:01,618 - backend.services.data_ingestion.process_playbyplay_v3 - INFO - Cleaning game 11/109
2025-10-29 13:49:01,631 - backend.services.data_ingestion.process_playbyplay_v3 - INFO - Cleaning game 12/109
2025-10-29 13:49:01,644 - backend.services.data_ingestion.process_playbyplay_v3 - INFO - Cleaning game 13/109
2025-10-29 13:49:01,657 - backend.services.data_ingestion.process_playbyplay_v3 - INFO - Cleaning game 14/109
2025-10-29 13:49:01,672 - backend.services.data_ingestion.process_playbyplay_v3 - INFO - Cleaning game 15/109
2025-10-29 13:49:01,684 - backend.services.data_ingestion.process_playbyplay_v3 - INFO - Cleaning game 16/109
2025-10-29 13:49:01,696 - backend.services.data_ingestion.process_playbyplay_v3 - INFO - Cleaning game 17/109
2025-10-29 13:49:01,708 - backend.services.data_ingestion.process_playbyplay_v3 - INFO - Cleaning game 18/109
2025-10-29 13:49:01,720 - backend.services.data_ingestion.process_playbyplay_v3 - INFO - Cleaning game 19/109
2025-10-29 13:49:01,733 - backend.services.data_ingestion.process_playbyplay_v3 - INFO - Cleaning game 20/109
2025-10-29 13:49:01,744 - backend.services.data_ingestion.process_playbyplay_v3 - INFO - Cleaning game 21/109
2025-10-29 13:49:01,757 - backend.services.data_ingestion.process_playbyplay_v3 - INFO - Cleaning game 22/109
2025-10-29 13:49:01,771 - backend.services.data_ingestion.process_playbyplay_v3 - INFO - Cleaning game 23/109
2025-10-29 13:49:01,785 - backend.services.data_ingestion.process_playbyplay_v3 - INFO - Cleaning game 24/109
2025-10-29 13:49:01,796 - backend.services.data_ingestion.process_playbyplay_v3 - INFO - Cleaning game 25/109
2025-10-29 13:49:01,808 - backend.services.data_ingestion.process_playbyplay_v3 - INFO - Cleaning game 26/109
2025-10-29 13:49:01,820 - backend.services.data_ingestion.process_playbyplay_v3 - INFO - Cleaning game 27/109
2025-10-29 13:49:01,832 - backend.services.data_ingestion.process_playbyplay_v3 - INFO - Cleaning game 28/109
2025-10-29 13:49:01,843 - backend.services.data_ingestion.process_playbyplay_v3 - INFO - Cleaning game 29/109
2025-10-29 13:49:01,855 - backend.services.data_ingestion.process_playbyplay_v3 - INFO - Cleaning game 30/109
2025-10-29 13:49:01,867 - backend.services.data_ingestion.process_playbyplay_v3 - INFO - Cleaning game 31/109
2025-10-29 13:49:01,879 - backend.services.data_ingestion.process_playbyplay_v3 - INFO - Cleaning game 32/109
2025-10-29 13:49:01,891 - backend.services.data_ingestion.process_playbyplay_v3 - INFO - Cleaning game 33/109
2025-10-29 13:49:01,903 - backend.services.data_ingestion.process_playbyplay_v3 - INFO - Cleaning game 34/109
2025-10-29 13:49:01,914 - backend.services.data_ingestion.process_playbyplay_v3 - INFO - Cleaning game 35/109
2025-10-29 13:49:01,926 - backend.services.data_ingestion.process_playbyplay_v3 - INFO - Cleaning game 36/109
2025-10-29 13:49:01,938 - backend.services.data_ingestion.process_playbyplay_v3 - INFO - Cleaning game 37/109
2025-10-29 13:49:01,950 - backend.services.data_ingestion.process_playbyplay_v3 - INFO - Cleaning game 38/109
2025-10-29 13:49:01,962 - backend.services.data_ingestion.process_playbyplay_v3 - INFO - Cleaning game 39/109
2025-10-29 13:49:01,972 - backend.services.data_ingestion.process_playbyplay_v3 - INFO - Cleaning game 40/109
2025-10-29 13:49:01,983 - backend.services.data_ingestion.process_playbyplay_v3 - INFO - Cleaning game 41/109
2025-10-29 13:49:01,994 - backend.services.data_ingestion.process_playbyplay_v3 - INFO - Cleaning game 42/109
2025-10-29 13:49:02,006 - backend.services.data_ingestion.process_playbyplay_v3 - INFO - Cleaning game 43/109
2025-10-29 13:49:02,018 - backend.services.data_ingestion.process_playbyplay_v3 - INFO - Cleaning game 44/109
2025-10-29 13:49:02,029 - backend.services.data_ingestion.process_playbyplay_v3 - INFO - Cleaning game 45/109
2025-10-29 13:49:02,040 - backend.services.data_ingestion.process_playbyplay_v3 - INFO - Cleaning game 46/109
2025-10-29 13:49:02,052 - backend.services.data_ingestion.process_playbyplay_v3 - INFO - Cleaning game 47/109
2025-10-29 13:49:02,064 - backend.services.data_ingestion.process_playbyplay_v3 - INFO - Cleaning game 48/109
2025-10-29 13:49:02,076 - backend.services.data_ingestion.process_playbyplay_v3 - INFO - Cleaning game 49/109
2025-10-29 13:49:02,087 - backend.services.data_ingestion.process_playbyplay_v3 - INFO - Cleaning game 50/109
2025-10-29 13:49:02,098 - backend.services.data_ingestion.process_playbyplay_v3 - INFO - Cleaning game 51/109
2025-10-29 13:49:02,109 - backend.services.data_ingestion.process_playbyplay_v3 - INFO - Cleaning game 52/109
2025-10-29 13:49:02,121 - backend.services.data_ingestion.process_playbyplay_v3 - INFO - Cleaning game 53/109
2025-10-29 13:49:02,134 - backend.services.data_ingestion.process_playbyplay_v3 - INFO - Cleaning game 54/109
2025-10-29 13:49:02,146 - backend.services.data_ingestion.process_playbyplay_v3 - INFO - Cleaning game 55/109
2025-10-29 13:49:02,158 - backend.services.data_ingestion.process_playbyplay_v3 - INFO - Cleaning game 56/109
2025-10-29 13:49:02,169 - backend.services.data_ingestion.process_playbyplay_v3 - INFO - Cleaning game 57/109
2025-10-29 13:49:02,181 - backend.services.data_ingestion.process_playbyplay_v3 - INFO - Cleaning game 58/109
2025-10-29 13:49:02,193 - backend.services.data_ingestion.process_playbyplay_v3 - INFO - Cleaning game 59/109
2025-10-29 13:49:02,205 - backend.services.data_ingestion.process_playbyplay_v3 - INFO - Cleaning game 60/109
2025-10-29 13:49:02,216 - backend.services.data_ingestion.process_playbyplay_v3 - INFO - Cleaning game 61/109
2025-10-29 13:49:02,229 - backend.services.data_ingestion.process_playbyplay_v3 - INFO - Cleaning game 62/109
2025-10-29 13:49:02,241 - backend.services.data_ingestion.process_playbyplay_v3 - INFO - Cleaning game 63/109
2025-10-29 13:49:02,252 - backend.services.data_ingestion.process_playbyplay_v3 - INFO - Cleaning game 64/109
2025-10-29 13:49:02,265 - backend.services.data_ingestion.process_playbyplay_v3 - INFO - Cleaning game 65/109
2025-10-29 13:49:02,278 - backend.services.data_ingestion.process_playbyplay_v3 - INFO - Cleaning game 66/109
2025-10-29 13:49:02,290 - backend.services.data_ingestion.process_playbyplay_v3 - INFO - Cleaning game 67/109
2025-10-29 13:49:02,302 - backend.services.data_ingestion.process_playbyplay_v3 - INFO - Cleaning game 68/109
2025-10-29 13:49:02,315 - backend.services.data_ingestion.process_playbyplay_v3 - INFO - Cleaning game 69/109
2025-10-29 13:49:02,328 - backend.services.data_ingestion.process_playbyplay_v3 - INFO - Cleaning game 70/109
2025-10-29 13:49:02,342 - backend.services.data_ingestion.process_playbyplay_v3 - INFO - Cleaning game 71/109
2025-10-29 13:49:02,354 - backend.services.data_ingestion.process_playbyplay_v3 - INFO - Cleaning game 72/109
2025-10-29 13:49:02,368 - backend.services.data_ingestion.process_playbyplay_v3 - INFO - Cleaning game 73/109
2025-10-29 13:49:02,383 - backend.services.data_ingestion.process_playbyplay_v3 - INFO - Cleaning game 74/109
2025-10-29 13:49:02,395 - backend.services.data_ingestion.process_playbyplay_v3 - INFO - Cleaning game 75/109
2025-10-29 13:49:02,407 - backend.services.data_ingestion.process_playbyplay_v3 - INFO - Cleaning game 76/109
2025-10-29 13:49:02,420 - backend.services.data_ingestion.process_playbyplay_v3 - INFO - Cleaning game 77/109
2025-10-29 13:49:02,432 - backend.services.data_ingestion.process_playbyplay_v3 - INFO - Cleaning game 78/109
2025-10-29 13:49:02,444 - backend.services.data_ingestion.process_playbyplay_v3 - INFO - Cleaning game 79/109
2025-10-29 13:49:02,456 - backend.services.data_ingestion.process_playbyplay_v3 - INFO - Cleaning game 80/109
2025-10-29 13:49:02,468 - backend.services.data_ingestion.process_playbyplay_v3 - INFO - Cleaning game 81/109
2025-10-29 13:49:02,480 - backend.services.data_ingestion.process_playbyplay_v3 - INFO - Cleaning game 82/109
2025-10-29 13:49:02,492 - backend.services.data_ingestion.process_playbyplay_v3 - INFO - Cleaning game 83/109
2025-10-29 13:49:02,503 - backend.services.data_ingestion.process_playbyplay_v3 - INFO - Cleaning game 84/109
2025-10-29 13:49:02,517 - backend.services.data_ingestion.process_playbyplay_v3 - INFO - Cleaning game 85/109
2025-10-29 13:49:02,529 - backend.services.data_ingestion.process_playbyplay_v3 - INFO - Cleaning game 86/109
2025-10-29 13:49:02,541 - backend.services.data_ingestion.process_playbyplay_v3 - INFO - Cleaning game 87/109
2025-10-29 13:49:02,554 - backend.services.data_ingestion.process_playbyplay_v3 - INFO - Cleaning game 88/109
2025-10-29 13:49:02,567 - backend.services.data_ingestion.process_playbyplay_v3 - INFO - Cleaning game 89/109
2025-10-29 13:49:02,580 - backend.services.data_ingestion.process_playbyplay_v3 - INFO - Cleaning game 90/109
2025-10-29 13:49:02,591 - backend.services.data_ingestion.process_playbyplay_v3 - INFO - Cleaning game 91/109
2025-10-29 13:49:02,605 - backend.services.data_ingestion.process_playbyplay_v3 - INFO - Cleaning game 92/109
2025-10-29 13:49:02,616 - backend.services.data_ingestion.process_playbyplay_v3 - INFO - Cleaning game 93/109
2025-10-29 13:49:02,628 - backend.services.data_ingestion.process_playbyplay_v3 - INFO - Cleaning game 94/109
2025-10-29 13:49:02,640 - backend.services.data_ingestion.process_playbyplay_v3 - INFO - Cleaning game 95/109
2025-10-29 13:49:02,652 - backend.services.data_ingestion.process_playbyplay_v3 - INFO - Cleaning game 96/109
2025-10-29 13:49:02,663 - backend.services.data_ingestion.process_playbyplay_v3 - INFO - Cleaning game 97/109
2025-10-29 13:49:02,675 - backend.services.data_ingestion.process_playbyplay_v3 - INFO - Cleaning game 98/109
2025-10-29 13:49:02,688 - backend.services.data_ingestion.process_playbyplay_v3 - INFO - Cleaning game 99/109
2025-10-29 13:49:02,699 - backend.services.data_ingestion.process_playbyplay_v3 - INFO - Cleaning game 100/109
2025-10-29 13:49:02,711 - backend.services.data_ingestion.process_playbyplay_v3 - INFO - Cleaning game 101/109
2025-10-29 13:49:02,723 - backend.services.data_ingestion.process_playbyplay_v3 - INFO - Cleaning game 102/109
2025-10-29 13:49:02,735 - backend.services.data_ingestion.process_playbyplay_v3 - INFO - Cleaning game 103/109
2025-10-29 13:49:02,746 - backend.services.data_ingestion.process_playbyplay_v3 - INFO - Cleaning game 104/109
2025-10-29 13:49:02,758 - backend.services.data_ingestion.process_playbyplay_v3 - INFO - Cleaning game 105/109
2025-10-29 13:49:02,771 - backend.services.data_ingestion.process_playbyplay_v3 - INFO - Cleaning game 106/109
2025-10-29 13:49:02,781 - backend.services.data_ingestion.process_playbyplay_v3 - INFO - Cleaning game 107/109
2025-10-29 13:49:02,794 - backend.services.data_ingestion.process_playbyplay_v3 - INFO - Cleaning game 108/109
2025-10-29 13:49:02,807 - backend.services.data_ingestion.process_playbyplay_v3 - INFO - Cleaning game 109/109
2025-10-29 13:49:02,861 - backend.services.data_ingestion.process_playbyplay_v3 - INFO - Merged data: 48912 total plays across 109 games
2025-10-29 13:49:03,025 - backend.services.data_ingestion.process_playbyplay_v3 - INFO - Saved 48912 plays to data/processed/playbyplay_indiana_pacers_2024_25_cleaned.csv
2025-10-29 13:49:03,055 - __main__ - INFO - Completed processing play-by-play data for Indiana Pacers 2024-25
2025-10-29 13:49:03,055 - __main__ - INFO - Results: {'total_plays': 48912, 'total_games': 109, 'avg_plays_per_game': 448.73394495412845, 'event_categories': {'SHOT': 19529, 'REBOUND': 11206, 'SUBSTITUTION': 5847, 'FREE_THROW': 5013, 'FOUL': 4733, 'TURNOVER': 2584}, 'periods': {1: 11611, 2: 12256, 3: 12138, 4: 12398, 5: 468, 6: 41}, 'score_margin_stats': {'mean': 0.3479105332024861, 'std': 5.766242040414265, 'min': -57, 'max': 59}, 'missing_values': {'HOMEDESCRIPTION': 0, 'PLAYER1_NAME': 2001}, 'duration_info': {'min_seconds': 0, 'max_seconds': 2876, 'mean_seconds': 1387.7838567222768}}
2025-10-29 13:49:03,055 - __main__ - INFO - Validation results: {'total_rows': 48912, 'unique_games': 109, 'event_category_distribution': {'SHOT': 19529, 'REBOUND': 11206, 'SUBSTITUTION': 5847, 'FREE_THROW': 5013, 'FOUL': 4733, 'TURNOVER': 2584}, 'missing_field_counts': {'GAME_ID': 0, 'EVENTNUM': 0, 'PERIOD': 0, 'PLAYER1_NAME': 2001, 'HOMEDESCRIPTION': 0, 'VISITORDESCRIPTION': 48912, 'TEAM_ID_HOME': 0, 'TEAM_ID_AWAY': 48912}, 'numeric_field_stats': {'score_margin_int': {'min': -57.0, 'max': 59.0, 'mean': 0.3479105332024861, 'null_count': 0}, 'seconds_remaining_period': {'min': 0.0, 'max': 720.0, 'mean': 335.5316486751717, 'null_count': 0}, 'total_seconds_remaining': {'min': 0.0, 'max': 2876.0, 'mean': 1387.7838567222768, 'null_count': 0}, 'PERIOD': {'min': 1.0, 'max': 6.0, 'mean': 2.54978328426562, 'null_count': 0}}, 'validation_passed': True}
